#
# There is insufficient memory for the Java Runtime Environment to continue.
# Native memory allocation (mmap) failed to map 201326592 bytes for Failed to commit area from 0x0000000741c00000 to 0x000000074dc00000 of length 201326592.
# Possible reasons:
#   The system is out of physical RAM or swap space
#   The process is running with CompressedOops enabled, and the Java Heap may be blocking the growth of the native heap
# Possible solutions:
#   Reduce memory load on the system
#   Increase physical memory or swap space
#   Check if swap backing store is full
#   Decrease Java heap size (-Xmx/-Xms)
#   Decrease number of Java threads
#   Decrease Java thread stack sizes (-Xss)
#   Set larger code cache with -XX:ReservedCodeCacheSize=
# This output file may be truncated or incomplete.
#
#  Out of Memory Error (./src/hotspot/os/windows/os_windows.cpp:3301), pid=31228, tid=8924
#
# JRE version:  (11.0.10+8) (build )
# Java VM: OpenJDK 64-Bit Server VM (11.0.10+8-b1145.96, mixed mode, sharing, tiered, compressed oops, g1 gc, windows-amd64)
# No core dump will be written. Minidumps are not enabled by default on client versions of Windows
#

---------------  S U M M A R Y ------------

Command Line: org.jetbrains.git4idea.http.GitAskPassApp Username for 'https://github.com': 

Host: Intel(R) Core(TM) i7-7700HQ CPU @ 2.80GHz, 8 cores, 11G,  Windows 10 , 64 bit Build 19041 (10.0.19041.928)
Time: Mon Jun 14 08:12:41 2021 Greenwich Standard Time elapsed time: 0.019798 seconds (0d 0h 0m 0s)

---------------  T H R E A D  ---------------

Current thread (0x00000242788da800):  JavaThread "Unknown thread" [_thread_in_vm, id=8924, stack(0x0000006638600000,0x0000006638700000)]

Stack: [0x0000006638600000,0x0000006638700000]
Native frames: (J=compiled Java code, j=interpreted, Vv=VM code, C=native code)
V  [jvm.dll+0x5ece6a]
V  [jvm.dll+0x722cd5]
V  [jvm.dll+0x72422d]
V  [jvm.dll+0x7248e3]
V  [jvm.dll+0x2428d8]
V  [jvm.dll+0x5ea244]
V  [jvm.dll+0x5df2e5]
V  [jvm.dll+0x2fdddb]
V  [jvm.dll+0x2fdd4a]
V  [jvm.dll+0x2fdc22]
V  [jvm.dll+0x302b06]
V  [jvm.dll+0x34b033]
V  [jvm.dll+0x34b736]
V  [jvm.dll+0x34b133]
V  [jvm.dll+0x2d87d8]
V  [jvm.dll+0x2d9987]
V  [jvm.dll+0x701817]
V  [jvm.dll+0x70300c]
V  [jvm.dll+0x3585a9]
V  [jvm.dll+0x6e516e]
V  [jvm.dll+0x3c09e3]
V  [jvm.dll+0x3c2c71]
C  [jli.dll+0x5373]
C  [ucrtbase.dll+0x21bb2]
C  [KERNEL32.DLL+0x17034]
C  [ntdll.dll+0x52651]


---------------  P R O C E S S  ---------------

Threads class SMR info:
_java_thread_list=0x0000024276fd28d0, length=0, elements={
}

Java Threads: ( => current thread )

Other Threads:
  0x00000242788f6000 GCTaskThread "GC Thread#0" [stack: 0x0000006638700000,0x0000006638800000] [id=47044]
  0x000002427893d800 ConcurrentGCThread "G1 Main Marker" [stack: 0x0000006638800000,0x0000006638900000] [id=9496]
  0x000002427893f000 ConcurrentGCThread "G1 Conc#0" [stack: 0x0000006638900000,0x0000006638a00000] [id=22980]

[error occurred during error reporting (printing all threads), id 0xc0000005, EXCEPTION_ACCESS_VIOLATION (0xc0000005) at pc=0x00007fff45d08db7]

VM state:not at safepoint (not fully initialized)

VM Mutex/Monitor currently owned by a thread:  ([mutex/lock_event])
[0x00000242788d6f00] Heap_lock - owner thread: 0x00000242788da800

Heap address: 0x0000000741c00000, size: 3044 MB, Compressed Oops mode: Non-zero based: 0x0000000741c00000
Narrow klass base: 0x0000000000000000, Narrow klass shift: 0

GC Heap History (0 events):
No events

Deoptimization events (0 events):
No events

Classes redefined (0 events):
No events

Internal exceptions (0 events):
No events

Events (1 events):
Event: 0.011 Loaded shared library C:\Program Files\JetBrains\IntelliJ IDEA 2020.3.2\jbr\bin\zip.dll


Dynamic libraries:
0x00007ff646070000 - 0x00007ff64607a000 	C:\Program Files\JetBrains\IntelliJ IDEA 2020.3.2\jbr\bin\java.exe
0x00007fff95630000 - 0x00007fff95825000 	C:\Windows\SYSTEM32\ntdll.dll
0x00007fff94050000 - 0x00007fff9410d000 	C:\Windows\System32\KERNEL32.DLL
0x00007fff933c0000 - 0x00007fff93688000 	C:\Windows\System32\KERNELBASE.dll
0x00007fff92d70000 - 0x00007fff92e70000 	C:\Windows\System32\ucrtbase.dll
0x00007fff7f0d0000 - 0x00007fff7f0e7000 	C:\Program Files\JetBrains\IntelliJ IDEA 2020.3.2\jbr\bin\VCRUNTIME140.dll
0x00007fff7f0a0000 - 0x00007fff7f0b9000 	C:\Program Files\JetBrains\IntelliJ IDEA 2020.3.2\jbr\bin\jli.dll
0x00007fff93730000 - 0x00007fff938d0000 	C:\Windows\System32\USER32.dll
0x00007fff82060000 - 0x00007fff822fa000 	C:\Windows\WinSxS\amd64_microsoft.windows.common-controls_6595b64144ccf1df_6.0.19041.844_none_ca00b6081b84eb1d\COMCTL32.dll
0x00007fff93390000 - 0x00007fff933b2000 	C:\Windows\System32\win32u.dll
0x00007fff93690000 - 0x00007fff9372e000 	C:\Windows\System32\msvcrt.dll
0x00007fff94110000 - 0x00007fff9413a000 	C:\Windows\System32\GDI32.dll
0x00007fff93280000 - 0x00007fff9338b000 	C:\Windows\System32\gdi32full.dll
0x00007fff92ef0000 - 0x00007fff92f8d000 	C:\Windows\System32\msvcp_win.dll
0x00007fff95510000 - 0x00007fff95540000 	C:\Windows\System32\IMM32.DLL
0x00007fff63f20000 - 0x00007fff63fbd000 	C:\Program Files\JetBrains\IntelliJ IDEA 2020.3.2\jbr\bin\msvcp140.dll
0x00007fff45a20000 - 0x00007fff464f0000 	C:\Program Files\JetBrains\IntelliJ IDEA 2020.3.2\jbr\bin\server\jvm.dll
0x00007fff93d10000 - 0x00007fff93dbc000 	C:\Windows\System32\ADVAPI32.dll
0x00007fff945b0000 - 0x00007fff9464b000 	C:\Windows\System32\sechost.dll
0x00007fff938d0000 - 0x00007fff939fb000 	C:\Windows\System32\RPCRT4.dll
0x00007fff93b50000 - 0x00007fff93b58000 	C:\Windows\System32\PSAPI.DLL
0x00007fff8d700000 - 0x00007fff8d709000 	C:\Windows\SYSTEM32\WSOCK32.dll
0x00007fff83fb0000 - 0x00007fff83fd7000 	C:\Windows\SYSTEM32\WINMM.dll
0x00007fff8be60000 - 0x00007fff8be6a000 	C:\Windows\SYSTEM32\VERSION.dll
0x00007fff93b60000 - 0x00007fff93bcb000 	C:\Windows\System32\WS2_32.dll
0x00007fff90c80000 - 0x00007fff90c92000 	C:\Windows\SYSTEM32\kernel.appcore.dll
0x00007fff7f070000 - 0x00007fff7f081000 	C:\Program Files\JetBrains\IntelliJ IDEA 2020.3.2\jbr\bin\verify.dll
0x00007fff7d9b0000 - 0x00007fff7db94000 	C:\Windows\SYSTEM32\DBGHELP.DLL
0x00007fff7c270000 - 0x00007fff7c29c000 	C:\Windows\SYSTEM32\dbgcore.DLL
0x00007fff93150000 - 0x00007fff931d0000 	C:\Windows\System32\bcryptPrimitives.dll
0x00007fff77720000 - 0x00007fff77749000 	C:\Program Files\JetBrains\IntelliJ IDEA 2020.3.2\jbr\bin\java.dll
0x00007fff8d340000 - 0x00007fff8d34b000 	C:\Program Files\JetBrains\IntelliJ IDEA 2020.3.2\jbr\bin\jimage.dll
0x00007fff7bc90000 - 0x00007fff7bca8000 	C:\Program Files\JetBrains\IntelliJ IDEA 2020.3.2\jbr\bin\zip.dll

dbghelp: loaded successfully - version: 4.0.5 - missing functions: none
symbol engine: initialized successfully - sym options: 0x614 - pdb path: .;C:\Program Files\JetBrains\IntelliJ IDEA 2020.3.2\jbr\bin;C:\Windows\SYSTEM32;C:\Windows\WinSxS\amd64_microsoft.windows.common-controls_6595b64144ccf1df_6.0.19041.844_none_ca00b6081b84eb1d;C:\Program Files\JetBrains\IntelliJ IDEA 2020.3.2\jbr\bin\server

VM Arguments:
java_command: org.jetbrains.git4idea.http.GitAskPassApp Username for 'https://github.com': 
java_class_path (initial): C:/Program Files/JetBrains/IntelliJ IDEA 2020.3.2/plugins/git4idea/lib/git4idea-rt.jar;C:/Program Files/JetBrains/IntelliJ IDEA 2020.3.2/lib/xmlrpc-2.0.1.jar;C:/Program Files/JetBrains/IntelliJ IDEA 2020.3.2/lib/commons-codec-1.14.jar
Launcher Type: SUN_STANDARD

[Global flags]
     intx CICompilerCount                          = 4                                         {product} {ergonomic}
     uint ConcGCThreads                            = 2                                         {product} {ergonomic}
     uint G1ConcRefinementThreads                  = 8                                         {product} {ergonomic}
   size_t G1HeapRegionSize                         = 1048576                                   {product} {ergonomic}
    uintx GCDrainStackTargetSize                   = 64                                        {product} {ergonomic}
   size_t InitialHeapSize                          = 201326592                                 {product} {ergonomic}
   size_t MarkStackSize                            = 4194304                                   {product} {ergonomic}
   size_t MaxHeapSize                              = 3191865344                                {product} {ergonomic}
   size_t MinHeapDeltaBytes                        = 1048576                                   {product} {ergonomic}
    uintx NonNMethodCodeHeapSize                   = 5836300                                {pd product} {ergonomic}
    uintx NonProfiledCodeHeapSize                  = 122910970                              {pd product} {ergonomic}
    uintx ProfiledCodeHeapSize                     = 122910970                              {pd product} {ergonomic}
    uintx ReservedCodeCacheSize                    = 251658240                              {pd product} {ergonomic}
     bool SegmentedCodeCache                       = true                                      {product} {ergonomic}
     bool UseCompressedClassPointers               = true                                 {lp64_product} {ergonomic}
     bool UseCompressedOops                        = true                                 {lp64_product} {ergonomic}
     bool UseG1GC                                  = true                                      {product} {ergonomic}
     bool UseLargePagesIndividualAllocation        = false                                  {pd product} {ergonomic}

Logging:
Log output configuration:
 #0: stdout all=warning uptime,level,tags
 #1: stderr all=off uptime,level,tags

Environment Variables:
JAVA_HOME=C:\Program Files\Java\jdk1.8.0_60
PATH=C:\Program Files\Git\mingw64\libexec\git-core;C:\Program Files\Git\mingw64\libexec\git-core;C:\Program Files\Git\mingw64\bin;C:\Program Files\Git\usr\bin;C:\Users\Brahim\bin;C:\Program Files (x86)\Common Files\Oracle\Java\javapath;%JAVA_HOME%\bin;C:\Program Files (x86)\Intel\iCLS Client;C:\Program Files\Intel\iCLS Client;C:\Windows\system32;C:\Windows;C:\Windows\System32\Wbem;C:\Windows\System32\WindowsPowerShell\v1.0;C:\Windows\System32\OpenSSH;C:\Program Files (x86)\NVIDIA Corporation\PhysX\Common;C:\Program Files (x86)\Intel\Intel(R) Management Engine Components\DAL;C:\Program Files\Intel\Intel(R) Management Engine Components\DAL;C:\Program Files (x86)\Intel\Intel(R) Management Engine Components\IPT;C:\Program Files\Intel\Intel(R) Management Engine Components\IPT;C:\Program Files\Intel\WiFi\bin;C:\Program Files\Common Files\Intel\WirelessCommon;C:\Program Files\nodejs;C:\Program Files\Git\cmd;C:\Program Files\Go\bin;C:\Users\Brahim\AppData\Local\Android\Sdk\platform-tools;C:\Users\Brahim\AppData\Local\Programs\Python\Python39\Scripts;C:\Users\Brahim\AppData\Local\Programs\Python\Python39;C:\Users\Brahim\AppData\Local\Microsoft\WindowsApps;C:\Program Files\Intel\WiFi\bin;C:\Program Files\Common Files\Intel\WirelessCommon;C:\Users\Brahim\AppData\Roaming\npm;C:\Users\Brahim\AppData\Local\Programs\Microsoft VS Code\bin;C:\Program Files\JetBrains\IntelliJ IDEA 2020.3.2\bin;C:\Program Files\Java\jdk1.8.0_60\bin;C:\Users\Brahim\go\bin
USERNAME=Brahim
DISPLAY=:0.0
LC_ALL=en_US.UTF-8
OS=Windows_NT
PROCESSOR_IDENTIFIER=Intel64 Family 6 Model 158 Stepping 9, GenuineIntel



---------------  S Y S T E M  ---------------

OS: Windows 10 , 64 bit Build 19041 (10.0.19041.928)
OS uptime: 22 days 12:18 hours
Hyper-V role detected

CPU:total 8 (initial active 8) (4 cores per cpu, 2 threads per core) family 6 model 158 stepping 9 microcode 0xde, cmov, cx8, fxsr, mmx, sse, sse2, sse3, ssse3, sse4.1, sse4.2, popcnt, avx, avx2, aes, clmul, erms, 3dnowpref, lzcnt, ht, tsc, tscinvbit, bmi1, bmi2, adx, fma

Memory: 4k page, system-wide physical 12168M (1756M free)
TotalPageFile size 27416M (AvailPageFile size 91M)
current process WorkingSet (physical memory assigned to process): 10M, peak: 10M
current process commit charge ("private bytes"): 60M, peak: 252M

vm_info: OpenJDK 64-Bit Server VM (11.0.10+8-b1145.96) for windows-amd64 JRE (11.0.10+8-b1145.96), built on Feb 18 2021 01:38:16 by "" with MS VC++ 14.0 (VS2015)

END.
